2026-04-10 20:26:01,364 - INFO - Target profit reached MSFT sold at 530.4187622070312
2026-04-10 20:26:01,367 - INFO - Target profit reached GOOGL sold at 230.1412353515625
2026-04-10 20:34:04,615 - INFO - Target profit reached MSFT sold at 530.4187622070312
2026-04-10 20:34:04,617 - INFO - Target profit reached GOOGL sold at 230.14125061035156
2026-04-10 20:34:23,574 - INFO - Target profit reached MSFT sold at 530.4187622070312
2026-04-10 20:34:23,577 - INFO - Target profit reached GOOGL sold at 230.14125061035156
2026-04-11 19:02:08,962 - WARNING - Stop Loss triggered for GOOGL at 150.85691833496094
2026-04-11 19:02:08,964 - INFO - Target profit reached AMZN sold at 217.61000061035156
2026-04-11 19:02:08,967 - INFO - Target profit reached GOOGL sold at 182.55848693847656
2026-04-11 19:02:08,968 - INFO - Target profit reached MSFT sold at 530.4187622070312
2026-04-11 19:02:08,970 - INFO - Target profit reached GOOGL sold at 230.1412353515625
2026-04-11 19:02:08,971 - INFO - Target profit reached AAPL sold at 245.032958984375
2026-04-11 19:02:08,974 - INFO - Target profit reached GOOGL sold at 268.9046630859375
2026-04-11 19:02:08,976 - WARNING - Stop Loss triggered for AMZN at 222.5500030517578
2026-04-11 19:02:08,976 - INFO - Target profit reached GOOGL sold at 318.14776611328125
2026-04-11 19:02:08,978 - WARNING - Stop Loss triggered for GOOGL at 306.3543395996094
2026-04-11 19:02:08,981 - INFO - Target profit reached GOOGL sold at 343.4482421875
2026-04-11 19:02:08,981 - WARNING - Stop Loss triggered for GOOGL at 318.3558654785156
2026-04-11 19:02:08,982 - WARNING - Stop Loss triggered for AAPL at 261.7300109863281
2026-05-04 17:14:53,511 - INFO - Connecting to local market database...
2026-05-04 17:14:53,523 - ERROR - Database is empty. Please run update_data.py first.
2026-05-04 17:15:05,844 - INFO - Connecting to local market database...
2026-05-04 17:15:05,864 - INFO - Target profit reached AAPL sold at 211.4347686767578
2026-05-04 17:15:05,874 - INFO - Target profit reached MSFT sold at 214.10000610351562
2026-05-04 17:15:05,875 - WARNING - Stop Loss triggered for GOOGL at 166.66757202148438
2026-05-04 17:15:05,880 - INFO - Target profit reached MSFT sold at 235.4199981689453
2026-05-04 17:15:05,881 - WARNING - Stop Loss triggered for AMZN at 411.01300048828125
2026-05-04 17:15:05,883 - WARNING - Stop Loss triggered for MSFT at 222.8800048828125
2026-05-04 17:15:05,884 - WARNING - Stop Loss triggered for AAPL at 226.4928436279297
2026-05-04 17:15:05,891 - INFO - Target profit reached AMZN sold at 487.279296875
2026-05-04 17:15:05,892 - INFO - Target profit reached GOOGL sold at 196.08799743652344
2026-05-04 17:15:05,894 - INFO - Target profit reached GOOGL sold at 230.14122009277344
2026-05-04 17:15:05,897 - INFO - Target profit reached AAPL sold at 268.2986145019531
2026-05-04 17:15:05,897 - INFO - Target profit reached GOOGL sold at 268.9046630859375
2026-05-04 17:15:05,898 - WARNING - Stop Loss triggered for MSFT at 222.5500030517578
2026-05-04 17:15:05,898 - INFO - Target profit reached GOOGL sold at 323.0011901855469
2026-05-04 17:15:05,900 - WARNING - Stop Loss triggered for GOOGL at 296.5112609863281
2026-05-04 17:15:05,902 - WARNING - Stop Loss triggered for AAPL at 261.7300109863281
2026-05-04 17:15:05,906 - INFO - Target profit reached GOOGL sold at 384.79998779296875
2026-05-04 17:15:05,906 - INFO - Target profit reached MSFT sold at 270.5669860839844
2026-05-05 16:09:33,828 - INFO - Target profit reached AAPL sold at 211.4347686767578
2026-05-05 16:09:33,828 - INFO - Target profit reached MSFT sold at 214.10000610351562
2026-05-05 16:09:33,828 - WARNING - Stop Loss triggered for GOOGL at 166.66757202148438
2026-05-05 16:09:33,828 - INFO - Target profit reached MSFT sold at 235.4199981689453
2026-05-05 16:09:33,828 - WARNING - Stop Loss triggered for AMZN at 411.01300048828125
2026-05-05 16:09:33,829 - WARNING - Stop Loss triggered for MSFT at 222.8800048828125
2026-05-05 16:09:33,829 - WARNING - Stop Loss triggered for AAPL at 226.4928436279297
2026-05-05 16:09:33,829 - INFO - Target profit reached AMZN sold at 487.279296875
2026-05-05 16:09:33,829 - INFO - Target profit reached GOOGL sold at 196.08799743652344
2026-05-05 16:09:33,829 - INFO - Target profit reached GOOGL sold at 230.14122009277344
2026-05-05 16:09:33,829 - INFO - Target profit reached AAPL sold at 268.2986145019531
2026-05-05 16:09:33,829 - INFO - Target profit reached GOOGL sold at 268.9046630859375
2026-05-05 16:09:33,829 - WARNING - Stop Loss triggered for MSFT at 222.5500030517578
2026-05-05 16:09:33,829 - INFO - Target profit reached GOOGL sold at 323.0011901855469
2026-05-05 16:09:33,830 - WARNING - Stop Loss triggered for GOOGL at 296.5112609863281
2026-05-05 16:09:33,830 - WARNING - Stop Loss triggered for AAPL at 261.7300109863281
2026-05-05 16:09:33,830 - INFO - Target profit reached GOOGL sold at 384.79998779296875
2026-05-05 16:09:33,830 - INFO - Target profit reached MSFT sold at 270.5669860839844
2026-05-05 16:39:25,555 - INFO - Connecting to local market database...
2026-05-05 16:39:25,565 - INFO - Target profit reached AAPL sold at 211.4347686767578
2026-05-05 16:39:25,566 - INFO - Target profit reached MSFT sold at 214.10000610351562
2026-05-05 16:39:25,566 - WARNING - Stop Loss triggered for GOOGL at 166.66757202148438
2026-05-05 16:39:25,566 - INFO - Target profit reached MSFT sold at 235.4199981689453
2026-05-05 16:39:25,566 - WARNING - Stop Loss triggered for AMZN at 411.01300048828125
2026-05-05 16:39:25,566 - WARNING - Stop Loss triggered for MSFT at 222.8800048828125
2026-05-05 16:39:25,566 - WARNING - Stop Loss triggered for AAPL at 226.4928436279297
2026-05-05 16:39:25,567 - INFO - Target profit reached AMZN sold at 487.279296875
2026-05-05 16:39:25,567 - INFO - Target profit reached GOOGL sold at 196.08799743652344
2026-05-05 16:39:25,567 - INFO - Target profit reached GOOGL sold at 230.14122009277344
2026-05-05 16:39:25,567 - INFO - Target profit reached AAPL sold at 268.2986145019531
2026-05-05 16:39:25,567 - INFO - Target profit reached GOOGL sold at 268.9046630859375
2026-05-05 16:39:25,567 - WARNING - Stop Loss triggered for MSFT at 222.5500030517578
2026-05-05 16:39:25,567 - INFO - Target profit reached GOOGL sold at 323.0011901855469
2026-05-05 16:39:25,567 - WARNING - Stop Loss triggered for GOOGL at 296.5112609863281
2026-05-05 16:39:25,567 - WARNING - Stop Loss triggered for AAPL at 261.7300109863281
2026-05-05 16:39:25,568 - INFO - Target profit reached GOOGL sold at 384.79998779296875
2026-05-05 16:39:25,568 - INFO - Target profit reached MSFT sold at 270.5669860839844
2026-05-06 10:53:25,674 - INFO - Connecting to local market database...
2026-05-06 10:53:25,702 - INFO - Target profit reached AAPL sold at 211.4347686767578
2026-05-06 10:53:25,703 - INFO - Target profit reached MSFT sold at 214.10000610351562
2026-05-06 10:53:25,703 - WARNING - Stop Loss triggered for GOOGL at 166.66757202148438
2026-05-06 10:53:25,705 - WARNING - Stop Loss triggered for AAPL at 226.4928436279297
2026-05-06 10:53:25,706 - INFO - Target profit reached AMZN sold at 487.279296875
2026-05-06 10:53:25,707 - INFO - Target profit reached GOOGL sold at 196.08799743652344
2026-05-06 10:53:25,707 - INFO - Target profit reached GOOGL sold at 230.14122009277344
2026-05-06 10:53:25,708 - INFO - Target profit reached AAPL sold at 268.2986145019531
2026-05-06 10:53:25,708 - INFO - Target profit reached GOOGL sold at 268.9046630859375
2026-05-06 10:53:25,708 - WARNING - Stop Loss triggered for MSFT at 222.5500030517578
2026-05-06 10:53:25,709 - INFO - Target profit reached GOOGL sold at 323.0011901855469
2026-05-06 10:53:25,709 - WARNING - Stop Loss triggered for GOOGL at 296.5112609863281
2026-05-06 10:53:25,710 - WARNING - Stop Loss triggered for AAPL at 261.7300109863281
2026-05-06 10:53:25,712 - INFO - Target profit reached GOOGL sold at 384.79998779296875
2026-05-06 10:53:25,712 - INFO - Target profit reached MSFT sold at 270.5669860839844
